<?xml version="1.0" encoding="UTF-8"?>
<?xml-stylesheet type="text/xsl" href="ivy-report.xsl"?>
<ivy-report version="1.0">
	<info
		organisation="programing_contest"
		module="programing_contest_2.10"
		revision="1.0"
		conf="test"
		confs="compile, runtime, test, provided, optional, compile-internal, runtime-internal, test-internal, plugin, sources, docs, pom"
		date="20130320192401"/>
	<dependencies>
		<module organisation="net.databinder.dispatch" name="dispatch-core_2.10">
			<revision name="0.9.5" status="release" pubdate="20130107023025" resolver="public" artresolver="public" homepage="http://dispatch.databinder.net/" downloaded="false" searched="false" default="false" conf="default(compile), default, compile, runtime, master" position="1">
				<license name="LGPL v3" url="http://www.gnu.org/licenses/lgpl.txt"/>
				<metadata-artifact status="no" details="" size="2709" time="0" location="/Users/una/.ivy2/cache/net.databinder.dispatch/dispatch-core_2.10/ivy-0.9.5.xml" searched="false" origin-is-local="false" origin-location="http://repo1.maven.org/maven2/net/databinder/dispatch/dispatch-core_2.10/0.9.5/dispatch-core_2.10-0.9.5.pom"/>
				<caller organisation="programing_contest" name="programing_contest_2.10" conf="test, compile, runtime" rev="0.9.5" rev-constraint-default="0.9.5" rev-constraint-dynamic="0.9.5" callerrev="1.0"/>
				<artifacts>
					<artifact name="dispatch-core_2.10" type="jar" ext="jar" status="no" details="" size="275413" time="0" location="/Users/una/.ivy2/cache/net.databinder.dispatch/dispatch-core_2.10/jars/dispatch-core_2.10-0.9.5.jar">
						<origin-location is-local="false" location="http://repo1.maven.org/maven2/net/databinder/dispatch/dispatch-core_2.10/0.9.5/dispatch-core_2.10-0.9.5.jar"/>
					</artifact>
				</artifacts>
			</revision>
		</module>
		<module organisation="com.ning" name="async-http-client">
			<revision name="1.7.5" status="release" pubdate="20120518015848" resolver="public" artresolver="public" homepage="http://github.com/sonatype/async-http-client" downloaded="false" searched="false" default="false" conf="compile, master(*), runtime, compile(*), runtime(*), master" position="2">
				<license name="Apache License 2.0" url="http://www.apache.org/licenses/LICENSE-2.0.html"/>
				<metadata-artifact status="no" details="" size="7137" time="0" location="/Users/una/.ivy2/cache/com.ning/async-http-client/ivy-1.7.5.xml" searched="false" origin-is-local="false" origin-location="http://repo1.maven.org/maven2/com/ning/async-http-client/1.7.5/async-http-client-1.7.5.pom"/>
				<caller organisation="net.databinder.dispatch" name="dispatch-core_2.10" conf="default, compile, runtime, master" rev="1.7.5" rev-constraint-default="1.7.5" rev-constraint-dynamic="1.7.5" callerrev="0.9.5"/>
				<artifacts>
					<artifact name="async-http-client" type="jar" ext="jar" status="no" details="" size="476213" time="0" location="/Users/una/.ivy2/cache/com.ning/async-http-client/jars/async-http-client-1.7.5.jar">
						<origin-location is-local="false" location="http://repo1.maven.org/maven2/com/ning/async-http-client/1.7.5/async-http-client-1.7.5.jar"/>
					</artifact>
				</artifacts>
			</revision>
		</module>
		<module organisation="org.slf4j" name="slf4j-api">
			<revision name="1.6.2" status="release" pubdate="20110819071308" resolver="public" artresolver="public" homepage="http://www.slf4j.org" downloaded="false" searched="false" default="false" conf="compile, master(*), runtime, compile(*), runtime(*), master" position="4">
				<metadata-artifact status="no" details="" size="4133" time="0" location="/Users/una/.ivy2/cache/org.slf4j/slf4j-api/ivy-1.6.2.xml" searched="false" origin-is-local="false" origin-location="http://repo1.maven.org/maven2/org/slf4j/slf4j-api/1.6.2/slf4j-api-1.6.2.pom"/>
				<caller organisation="com.ning" name="async-http-client" conf="compile, runtime" rev="1.6.2" rev-constraint-default="1.6.2" rev-constraint-dynamic="1.6.2" callerrev="1.7.5"/>
				<artifacts>
					<artifact name="slf4j-api" type="jar" ext="jar" status="no" details="" size="25689" time="0" location="/Users/una/.ivy2/cache/org.slf4j/slf4j-api/jars/slf4j-api-1.6.2.jar">
						<origin-location is-local="false" location="http://repo1.maven.org/maven2/org/slf4j/slf4j-api/1.6.2/slf4j-api-1.6.2.jar"/>
					</artifact>
				</artifacts>
			</revision>
		</module>
		<module organisation="io.netty" name="netty">
			<revision name="3.4.4.Final" status="release" pubdate="20120506234940" resolver="public" artresolver="public" homepage="http://netty.io/" downloaded="false" searched="false" default="false" conf="compile, master(*), runtime, compile(*), runtime(*), master" position="3">
				<license name="Apache License, Version 2.0" url="http://www.apache.org/licenses/LICENSE-2.0"/>
				<metadata-artifact status="no" details="" size="5915" time="0" location="/Users/una/.ivy2/cache/io.netty/netty/ivy-3.4.4.Final.xml" searched="false" origin-is-local="false" origin-location="http://repo1.maven.org/maven2/io/netty/netty/3.4.4.Final/netty-3.4.4.Final.pom"/>
				<caller organisation="com.ning" name="async-http-client" conf="compile, runtime" rev="3.4.4.Final" rev-constraint-default="3.4.4.Final" rev-constraint-dynamic="3.4.4.Final" callerrev="1.7.5"/>
				<artifacts>
					<artifact name="netty" type="bundle" ext="jar" status="no" details="" size="969176" time="0" location="/Users/una/.ivy2/cache/io.netty/netty/bundles/netty-3.4.4.Final.jar">
						<origin-location is-local="false" location="http://repo1.maven.org/maven2/io/netty/netty/3.4.4.Final/netty-3.4.4.Final.jar"/>
					</artifact>
				</artifacts>
			</revision>
		</module>
		<module organisation="org.scala-lang" name="scala-library">
			<revision name="2.10.1" status="release" pubdate="20130313080420" resolver="sbt-chain" artresolver="sbt-chain" homepage="http://www.scala-lang.org/" downloaded="false" searched="false" default="false" conf="default(compile), default, compile, master(*), compile(*), runtime, runtime(*), master" position="0">
				<license name="BSD-like" url="http://www.scala-lang.org/downloads/license.html          "/>
				<metadata-artifact status="no" details="" size="2392" time="0" location="/Users/una/.ivy2/cache/org.scala-lang/scala-library/ivy-2.10.1.xml" searched="false" origin-is-local="false" origin-location="http://repo1.maven.org/maven2/org/scala-lang/scala-library/2.10.1/scala-library-2.10.1.pom"/>
				<caller organisation="net.databinder.dispatch" name="dispatch-core_2.10" conf="default, compile, runtime, master" rev="2.10.1" rev-constraint-default="2.10.1" rev-constraint-dynamic="2.10.0" callerrev="0.9.5"/>
				<caller organisation="programing_contest" name="programing_contest_2.10" conf="test, compile, runtime" rev="2.10.1" rev-constraint-default="2.10.1" rev-constraint-dynamic="2.10.1" callerrev="1.0"/>
				<artifacts>
				</artifacts>
			</revision>
		</module>
	</dependencies>
</ivy-report>
